[2015-06-25 11:21:59 +0000][INFO] 
[2015-06-25 11:22:00 +0000][INFO] 
[2015-06-25 11:22:00 +0000][INFO] 
[2015-06-25 11:22:55 +0000][INFO] 
[2015-06-25 11:24:55 +0000][INFO] 
[2015-06-25 11:24:57 +0000][INFO] 
[2015-06-25 11:25:00 +0000][INFO] 
[2015-06-25 11:37:13 +0000][INFO] 
[2015-06-25 11:37:13 +0000][INFO] 
[2015-06-25 11:39:32 +0000][INFO] 
[2015-06-25 11:39:32 +0000][INFO] 
[2015-06-25 11:41:04 +0000][INFO] 
[2015-06-25 11:41:04 +0000][INFO] 
[2015-06-25 12:20:24 +0000][INFO] 
[2015-06-25 12:38:06 +0000][INFO] 
[2015-06-25 12:38:08 +0000][INFO] 
[2015-06-25 12:39:08 +0000][INFO] 
[2015-06-25 12:39:10 +0000][INFO] 
[2015-06-25 12:39:18 +0000][INFO] 
[2015-06-25 12:41:30 +0000][INFO] 
[2015-06-25 12:41:30 +0000][INFO] 
[2015-06-25 12:41:56 +0000][INFO] 
[2015-06-25 12:41:58 +0000][INFO] 
[2015-06-25 12:42:07 +0000][INFO] 
[2015-06-25 12:42:09 +0000][INFO] 
[2015-06-25 12:47:48 +0000][INFO] 
[2015-06-25 12:47:50 +0000][INFO] 
[2015-06-25 12:48:00 +0000][INFO] 
[2015-06-25 12:48:30 +0000][INFO] 
[2015-06-25 12:57:41 +0000][INFO] 
[2015-06-25 12:59:36 +0000][INFO] 
[2015-06-25 12:59:43 +0000][INFO] 
[2015-06-25 13:02:47 +0000][INFO] 
[2015-06-25 13:02:47 +0000][INFO] 
[2015-06-25 13:04:33 +0000][INFO] 
[2015-06-25 13:04:33 +0000][INFO] 
[2015-06-25 13:05:05 +0000][INFO] 
[2015-06-25 13:05:05 +0000][INFO] 
[2015-06-25 13:05:50 +0000][INFO] 
[2015-06-25 13:05:50 +0000][INFO] 
[2015-06-25 13:21:07 +0000][INFO] 
[2015-06-25 13:21:07 +0000][INFO] 
[2015-06-25 13:22:29 +0000][INFO] 
[2015-06-25 13:22:29 +0000][INFO] 
[2015-06-25 13:24:57 +0000][INFO] 
[2015-06-25 13:24:57 +0000][INFO] 
[2015-06-25 13:25:07 +0000][INFO] 
[2015-06-25 13:26:36 +0000][INFO] 
[2015-06-25 13:26:47 +0000][INFO] 
[2015-06-25 13:26:47 +0000][INFO] 
[2015-06-25 13:26:50 +0000][INFO] 
[2015-06-25 13:26:50 +0000][INFO] 
[2015-06-25 13:27:36 +0000][INFO] 
[2015-06-25 13:27:36 +0000][INFO] 
[2015-06-25 13:28:55 +0000][INFO] 
[2015-06-25 13:28:55 +0000][INFO] 
[2015-06-25 13:28:57 +0000][INFO] 
[2015-06-25 13:28:57 +0000][INFO] 
[2015-06-25 13:29:12 +0000][INFO] 
[2015-06-25 13:31:51 +0000][INFO] 
[2015-06-25 13:31:54 +0000][INFO] 
[2015-06-25 13:31:56 +0000][INFO] 
[2015-06-25 13:31:59 +0000][INFO] 
[2015-06-25 13:32:03 +0000][INFO] 
[2015-06-25 13:32:10 +0000][INFO] 
[2015-06-25 13:32:29 +0000][INFO] 
[2015-06-25 13:32:29 +0000][INFO] 
[2015-06-25 13:32:31 +0000][INFO] 
[2015-06-25 13:32:31 +0000][INFO] 
[2015-06-25 13:32:34 +0000][INFO] 
[2015-06-25 13:32:34 +0000][INFO] 
[2015-06-25 13:32:37 +0000][INFO] 
[2015-06-25 13:32:37 +0000][INFO] 
[2015-06-25 13:34:48 +0000][INFO] 
[2015-06-25 13:34:48 +0000][INFO] 
[2015-06-25 13:35:21 +0000][INFO] 
[2015-06-25 13:35:21 +0000][INFO] 
[2015-06-25 13:35:55 +0000][INFO] 
[2015-06-25 13:35:55 +0000][INFO] 
[2015-06-25 13:35:57 +0000][INFO] 
[2015-06-25 13:35:57 +0000][INFO] 
[2015-06-25 13:36:38 +0000][INFO] 
[2015-06-25 13:36:42 +0000][INFO] 
[2015-06-25 13:37:08 +0000][INFO] 
[2015-06-25 13:37:12 +0000][INFO] 
[2015-06-25 13:37:50 +0000][INFO] 
[2015-06-25 13:37:50 +0000][INFO] 
[2015-06-25 13:37:53 +0000][INFO] 
[2015-06-25 13:37:53 +0000][INFO] 
[2015-06-25 13:37:57 +0000][INFO] 
[2015-06-25 13:37:59 +0000][INFO] 
[2015-06-25 13:38:01 +0000][INFO] 
[2015-06-25 13:38:01 +0000][INFO] 
[2015-06-25 13:38:01 +0000][INFO] 
[2015-06-25 13:38:01 +0000][INFO] 
[2015-06-25 13:38:02 +0000][INFO] 
[2015-06-25 13:38:02 +0000][INFO] 
[2015-06-25 13:38:02 +0000][INFO] 
[2015-06-25 13:38:02 +0000][INFO] 
[2015-06-25 13:38:02 +0000][INFO] 
[2015-06-25 13:38:02 +0000][INFO] 
[2015-06-25 13:38:03 +0000][INFO] 
[2015-06-25 13:38:14 +0000][INFO] 
[2015-06-25 13:38:14 +0000][INFO] 
[2015-06-25 13:38:14 +0000][INFO] 
[2015-06-25 13:38:15 +0000][INFO] 
[2015-06-25 13:38:15 +0000][INFO] 
[2015-06-25 13:38:15 +0000][INFO] 
[2015-06-25 13:38:15 +0000][INFO] 
[2015-06-25 13:38:15 +0000][INFO] 
[2015-06-25 13:38:15 +0000][INFO] 
[2015-06-25 13:38:15 +0000][INFO] 
[2015-06-25 13:38:16 +0000][INFO] 
[2015-06-25 13:38:16 +0000][INFO] 
[2015-06-25 13:38:16 +0000][INFO] 
[2015-06-25 13:38:54 +0000][INFO] 
[2015-06-25 13:39:47 +0000][INFO] 
[2015-06-25 13:39:52 +0000][INFO] 
[2015-06-25 13:39:53 +0000][INFO] 
[2015-06-25 13:40:47 +0000][INFO] 
[2015-06-25 13:40:49 +0000][INFO] 
[2015-06-25 13:42:03 +0000][INFO] 
[2015-06-25 13:42:38 +0000][INFO] 
[2015-06-25 13:42:38 +0000][INFO] 
[2015-06-25 13:43:55 +0000][INFO] 
[2015-06-25 13:43:55 +0000][INFO] 
[2015-06-25 13:44:33 +0000][INFO] 
[2015-06-25 13:44:33 +0000][INFO] 
[2015-06-25 13:45:25 +0000][INFO] 
[2015-06-25 13:46:13 +0000][INFO] 
[2015-06-25 13:46:31 +0000][INFO] 
[2015-06-25 13:47:58 +0000][INFO] 
[2015-06-25 13:48:30 +0000][INFO] 
[2015-06-25 13:48:31 +0000][INFO] 
[2015-06-25 13:48:31 +0000][INFO] 
[2015-06-25 13:48:31 +0000][INFO] 
[2015-06-25 13:48:51 +0000][INFO] 
[2015-06-25 13:48:56 +0000][INFO] 
[2015-06-25 13:48:57 +0000][INFO] 
[2015-06-25 13:49:22 +0000][INFO] 
[2015-06-25 13:49:22 +0000][INFO] SELECT IF(COUNT(*)>0, 1 , 0) FROM `INFORMATION_SCHEMA`.`TABLES` WHERE `TABLE_NAME` = 'wj_badword' AND `TABLE_SCHEMA` = DATABASE()
[2015-06-25 13:49:22 +0000][INFO] DESCRIBE `wj_badword`
[2015-06-25 13:49:22 +0000][INFO] SELECT `wj_badword`.`badid`, `wj_badword`.`badword`, `wj_badword`.`level`, `wj_badword`.`replaceword`, `wj_badword`.`lastusetime`, `wj_badword`.`listorder` FROM wj_badword WHERE 1 = 1 ORDER BY `wj_badword`.`badid` LIMIT 10
[2015-06-25 13:49:22 +0000][INFO] SELECT IF(COUNT(*)>0, 1 , 0) FROM `INFORMATION_SCHEMA`.`TABLES` WHERE `TABLE_NAME` = 'wj_news' AND `TABLE_SCHEMA` = DATABASE()
[2015-06-25 13:49:22 +0000][INFO] DESCRIBE `wj_news`
[2015-06-25 13:49:22 +0000][INFO] SELECT `wj_news`.`id` AS `id`, `wj_news`.`title` AS `title`, `wj_news`.`thumb` AS `thumb` FROM wj_news WHERE `wj_news`.`id` = 5 ORDER BY `wj_news`.`id` LIMIT 1
[2015-06-25 14:52:46 +0000][INFO] 
[2015-06-25 14:52:53 +0000][INFO] 
[2015-06-25 14:52:58 +0000][INFO] 
[2015-06-25 14:55:26 +0000][INFO] 
[2015-06-25 14:55:51 +0000][INFO] 
[2015-06-25 14:55:52 +0000][INFO] 
[2015-06-25 14:58:04 +0000][INFO] 
[2015-06-25 14:58:30 +0000][INFO] 
[2015-06-25 14:59:44 +0000][INFO] 
[2015-06-25 14:59:46 +0000][INFO] 
[2015-06-25 14:59:53 +0000][INFO] 
[2015-06-25 14:59:57 +0000][INFO] 
[2015-06-25 15:00:57 +0000][INFO] 
[2015-06-25 15:01:45 +0000][INFO] 
[2015-06-25 15:01:55 +0000][INFO] 
[2015-06-25 15:01:56 +0000][INFO] 
[2015-06-25 15:02:16 +0000][INFO] 
[2015-06-25 15:02:27 +0000][INFO] 
[2015-06-25 15:03:53 +0000][INFO] 
[2015-06-25 15:03:59 +0000][INFO] 
[2015-06-25 15:04:05 +0000][INFO] 
[2015-06-25 15:04:21 +0000][INFO] 
[2015-06-25 15:04:28 +0000][INFO] 
[2015-06-25 15:06:22 +0000][INFO] 
[2015-06-25 15:06:45 +0000][INFO] 
[2015-06-25 15:06:47 +0000][INFO] 
[2015-06-25 15:49:02 +0000][INFO] 
[2015-06-25 15:49:28 +0000][INFO] 
[2015-06-25 15:50:22 +0000][INFO] 
[2015-06-25 15:50:23 +0000][INFO] 
[2015-06-25 15:50:36 +0000][INFO] 
[2015-06-25 15:50:50 +0000][INFO] 
[2015-06-25 15:51:20 +0000][INFO] 
[2015-06-25 15:51:52 +0000][INFO] 
[2015-06-25 15:52:10 +0000][INFO] 
[2015-06-25 15:52:18 +0000][INFO] 
