[2015-06-26 07:54:10 +0000][INFO] 
[2015-06-26 07:54:18 +0000][INFO] 
[2015-06-26 07:54:18 +0000][INFO] SELECT IF(COUNT(*)>0, 1 , 0) FROM `INFORMATION_SCHEMA`.`TABLES` WHERE `TABLE_NAME` = 'wj_badword' AND `TABLE_SCHEMA` = DATABASE()
[2015-06-26 07:54:18 +0000][INFO] DESCRIBE `wj_badword`
[2015-06-26 07:54:18 +0000][INFO] SELECT `wj_badword`.`badid`, `wj_badword`.`badword`, `wj_badword`.`level`, `wj_badword`.`replaceword`, `wj_badword`.`lastusetime`, `wj_badword`.`listorder` FROM wj_badword WHERE 1 = 1 ORDER BY `wj_badword`.`badid` LIMIT 10
[2015-06-26 07:54:18 +0000][INFO] SELECT IF(COUNT(*)>0, 1 , 0) FROM `INFORMATION_SCHEMA`.`TABLES` WHERE `TABLE_NAME` = 'wj_news' AND `TABLE_SCHEMA` = DATABASE()
[2015-06-26 07:54:18 +0000][INFO] DESCRIBE `wj_news`
[2015-06-26 07:54:18 +0000][INFO] SELECT `wj_news`.`id` AS `id`, `wj_news`.`title` AS `title`, `wj_news`.`thumb` AS `thumb` FROM wj_news WHERE `wj_news`.`id` = 1 ORDER BY `wj_news`.`id` LIMIT 1
[2015-06-26 08:09:10 +0000][INFO] 
[2015-06-26 08:09:10 +0000][INFO] SELECT IF(COUNT(*)>0, 1 , 0) FROM `INFORMATION_SCHEMA`.`TABLES` WHERE `TABLE_NAME` = 'wj_badword' AND `TABLE_SCHEMA` = DATABASE()
[2015-06-26 08:09:10 +0000][INFO] DESCRIBE `wj_badword`
[2015-06-26 08:09:10 +0000][INFO] SELECT `wj_badword`.`badid`, `wj_badword`.`badword`, `wj_badword`.`level`, `wj_badword`.`replaceword`, `wj_badword`.`lastusetime`, `wj_badword`.`listorder` FROM wj_badword WHERE 1 = 1 ORDER BY `wj_badword`.`badid` LIMIT 10
[2015-06-26 08:09:10 +0000][INFO] SELECT IF(COUNT(*)>0, 1 , 0) FROM `INFORMATION_SCHEMA`.`TABLES` WHERE `TABLE_NAME` = 'wj_news' AND `TABLE_SCHEMA` = DATABASE()
[2015-06-26 08:09:10 +0000][INFO] DESCRIBE `wj_news`
[2015-06-26 08:09:10 +0000][INFO] SELECT `wj_news`.`id` AS `id`, `wj_news`.`title` AS `title`, `wj_news`.`thumb` AS `thumb` FROM wj_news WHERE `wj_news`.`id` = 11 ORDER BY `wj_news`.`id` LIMIT 1
[2015-06-26 08:10:11 +0000][INFO] 
[2015-06-26 08:10:11 +0000][INFO] SELECT IF(COUNT(*)>0, 1 , 0) FROM `INFORMATION_SCHEMA`.`TABLES` WHERE `TABLE_NAME` = 'wj_badword' AND `TABLE_SCHEMA` = DATABASE()
[2015-06-26 08:10:11 +0000][INFO] DESCRIBE `wj_badword`
[2015-06-26 08:10:11 +0000][INFO] SELECT `wj_badword`.`badid`, `wj_badword`.`badword`, `wj_badword`.`level`, `wj_badword`.`replaceword`, `wj_badword`.`lastusetime`, `wj_badword`.`listorder` FROM wj_badword WHERE 1 = 1 ORDER BY `wj_badword`.`badid` LIMIT 10
[2015-06-26 08:10:11 +0000][INFO] SELECT IF(COUNT(*)>0, 1 , 0) FROM `INFORMATION_SCHEMA`.`TABLES` WHERE `TABLE_NAME` = 'wj_news' AND `TABLE_SCHEMA` = DATABASE()
[2015-06-26 08:10:11 +0000][INFO] DESCRIBE `wj_news`
[2015-06-26 08:10:11 +0000][INFO] SELECT `wj_news`.`id` AS `id`, `wj_news`.`title` AS `title`, `wj_news`.`thumb` AS `thumb` FROM wj_news WHERE `wj_news`.`id` = 1 ORDER BY `wj_news`.`id` LIMIT 1
[2015-06-26 08:10:27 +0000][INFO] 
[2015-06-26 08:10:27 +0000][INFO] SELECT IF(COUNT(*)>0, 1 , 0) FROM `INFORMATION_SCHEMA`.`TABLES` WHERE `TABLE_NAME` = 'wj_badword' AND `TABLE_SCHEMA` = DATABASE()
[2015-06-26 08:10:27 +0000][INFO] DESCRIBE `wj_badword`
[2015-06-26 08:10:27 +0000][INFO] SELECT `wj_badword`.`badid`, `wj_badword`.`badword`, `wj_badword`.`level`, `wj_badword`.`replaceword`, `wj_badword`.`lastusetime`, `wj_badword`.`listorder` FROM wj_badword WHERE 1 = 1 ORDER BY `wj_badword`.`badid` LIMIT 10
[2015-06-26 08:10:27 +0000][INFO] SELECT IF(COUNT(*)>0, 1 , 0) FROM `INFORMATION_SCHEMA`.`TABLES` WHERE `TABLE_NAME` = 'wj_news' AND `TABLE_SCHEMA` = DATABASE()
[2015-06-26 08:10:27 +0000][INFO] DESCRIBE `wj_news`
[2015-06-26 08:10:27 +0000][INFO] SELECT `wj_news`.`id` AS `id`, `wj_news`.`title` AS `title`, `wj_news`.`thumb` AS `thumb` FROM wj_news WHERE `wj_news`.`id` = 11 ORDER BY `wj_news`.`id` LIMIT 1
[2015-06-26 08:10:29 +0000][INFO] 
[2015-06-26 08:10:29 +0000][INFO] SELECT IF(COUNT(*)>0, 1 , 0) FROM `INFORMATION_SCHEMA`.`TABLES` WHERE `TABLE_NAME` = 'wj_badword' AND `TABLE_SCHEMA` = DATABASE()
[2015-06-26 08:10:29 +0000][INFO] DESCRIBE `wj_badword`
[2015-06-26 08:10:29 +0000][INFO] SELECT `wj_badword`.`badid`, `wj_badword`.`badword`, `wj_badword`.`level`, `wj_badword`.`replaceword`, `wj_badword`.`lastusetime`, `wj_badword`.`listorder` FROM wj_badword WHERE 1 = 1 ORDER BY `wj_badword`.`badid` LIMIT 10
[2015-06-26 08:10:29 +0000][INFO] SELECT IF(COUNT(*)>0, 1 , 0) FROM `INFORMATION_SCHEMA`.`TABLES` WHERE `TABLE_NAME` = 'wj_news' AND `TABLE_SCHEMA` = DATABASE()
[2015-06-26 08:10:29 +0000][INFO] DESCRIBE `wj_news`
[2015-06-26 08:10:29 +0000][INFO] SELECT `wj_news`.`id` AS `id`, `wj_news`.`title` AS `title`, `wj_news`.`thumb` AS `thumb` FROM wj_news WHERE `wj_news`.`id` = 1 ORDER BY `wj_news`.`id` LIMIT 1
